sending incremental file list
./
.gitignore
.rsyncignore
LICENSE
README.md
dataset.py
discriminator.py
evaluate.py
index.html
prepare_align.py
preprocess.py
requirements.txt
submit.sh
synthesize.py
train.py
.vscode/
.vscode/settings.json
__pycache__/
__pycache__/dataset.cpython-37.pyc
__pycache__/dataset.cpython-38.pyc
__pycache__/discriminator.cpython-37.pyc
__pycache__/discriminator.cpython-38.pyc
__pycache__/evaluate.cpython-37.pyc
__pycache__/evaluate.cpython-38.pyc
audio/
audio/__init__.py
audio/audio_processing.py
audio/stft.py
audio/tools.py
audio/__pycache__/
audio/__pycache__/__init__.cpython-37.pyc
audio/__pycache__/__init__.cpython-38.pyc
audio/__pycache__/audio_processing.cpython-37.pyc
audio/__pycache__/audio_processing.cpython-38.pyc
audio/__pycache__/stft.cpython-37.pyc
audio/__pycache__/stft.cpython-38.pyc
audio/__pycache__/tools.cpython-37.pyc
audio/__pycache__/tools.cpython-38.pyc
condor_submit/
condor_submit/vggsound/1_basic
condor_submit/vggsound/1_basic.sh
condor_submit/vggsound/1_basic.submitfile.tmp
condor_submit/vggsound/docker_stderror
condor_submit/vggsound/rsync.submitfile.tmp
condor_submit/vggsound/submit.log
condor_submit/vggsound/condor_file_log/c91805.p0.log
condor_submit/vggsound/condor_log/
condor_submit/vggsound/condor_log/c91804.p0.error
condor_submit/vggsound/condor_log/c91804.p0.log
condor_submit/vggsound/condor_log/c91804.p0.out
config/
config/README.md
config/vggsound/
config/vggsound/model.yaml
config/vggsound/preprocess.yaml
config/vggsound/train.yaml
demo/
demo/AISHELL3/
demo/AISHELL3/SSB00800003_ground-truth.wav
demo/AISHELL3/SSB00800003_synthesized.wav
demo/AISHELL3/SSB04700028_ground-truth.wav
demo/AISHELL3/SSB04700028_synthesized.wav
demo/AISHELL3/SSB05900363_ground-truth.wav
demo/AISHELL3/SSB05900363_synthesized.wav
demo/AISHELL3/SSB06290079_ground-truth.wav
demo/AISHELL3/SSB06290079_synthesized.wav
demo/AISHELL3/SSB07940279_ground-truth.wav
demo/AISHELL3/SSB07940279_synthesized.wav
demo/AISHELL3/SSB08220199_ground-truth.wav
demo/AISHELL3/SSB08220199_synthesized.wav
demo/AISHELL3/SSB08630110_ground-truth.wav
demo/AISHELL3/SSB08630110_synthesized.wav
demo/AISHELL3/SSB10200388_ground-truth.wav
demo/AISHELL3/SSB10200388_synthesized.wav
demo/AISHELL3/SSB15930399_ground-truth.wav
demo/AISHELL3/SSB15930399_synthesized.wav
demo/AISHELL3/SSB16070080_ground-truth.wav
demo/AISHELL3/SSB16070080_synthesized.wav
demo/LJSpeech/
demo/LJSpeech/LJ001-0012_ground-truth.wav
demo/LJSpeech/LJ001-0012_synthesized.wav
demo/LJSpeech/LJ006-0114_ground-truth.wav
demo/LJSpeech/LJ006-0114_synthesized.wav
demo/LJSpeech/LJ006-0161_ground-truth.wav
demo/LJSpeech/LJ006-0161_synthesized.wav
demo/LJSpeech/LJ009-0038_ground-truth.wav
demo/LJSpeech/LJ009-0038_synthesized.wav
demo/LJSpeech/LJ011-0202_ground-truth.wav
demo/LJSpeech/LJ011-0202_synthesized.wav
demo/LJSpeech/LJ021-0108_ground-truth.wav
demo/LJSpeech/LJ021-0108_synthesized.wav
demo/LJSpeech/LJ027-0127_ground-truth.wav
demo/LJSpeech/LJ027-0127_synthesized.wav
demo/LJSpeech/LJ030-0031_ground-truth.wav
demo/LJSpeech/LJ030-0031_synthesized.wav
demo/LJSpeech/LJ042-0094_ground-truth.wav
demo/LJSpeech/LJ042-0094_synthesized.wav
demo/LJSpeech/LJ050-0158_ground-truth.wav
demo/LJSpeech/LJ050-0158_synthesized.wav
demo/LJSpeech/LJSpeech_long_sentence.wav
demo/LibriTTS/
demo/LibriTTS/207_131203_000011_000000_ground-truth.wav
demo/LibriTTS/207_131203_000011_000000_synthesized.wav
demo/LibriTTS/2299_6524_000057_000000_ground-truth.wav
demo/LibriTTS/2299_6524_000057_000000_synthesized.wav
demo/LibriTTS/2388_153731_000003_000000_ground-truth.wav
demo/LibriTTS/2388_153731_000003_000000_synthesized.wav
demo/LibriTTS/3615_14677_000014_000000_ground-truth.wav
demo/LibriTTS/3615_14677_000014_000000_synthesized.wav
demo/LibriTTS/4744_31668_000003_000001_ground-truth.wav
demo/LibriTTS/4744_31668_000003_000001_synthesized.wav
demo/LibriTTS/480_127525_000006_000000_ground-truth.wav
demo/LibriTTS/480_127525_000006_000000_synthesized.wav
demo/LibriTTS/5126_27504_000011_000003_ground-truth.wav
demo/LibriTTS/5126_27504_000011_000003_synthesized.wav
demo/LibriTTS/6098_57837_000008_000000_ground-truth.wav
demo/LibriTTS/6098_57837_000008_000000_synthesized.wav
demo/LibriTTS/6544_231862_000065_000001_ground-truth.wav
demo/LibriTTS/6544_231862_000065_000001_synthesized.wav
demo/LibriTTS/968_122545_000053_000000_ground-truth.wav
demo/LibriTTS/968_122545_000053_000000_synthesized.wav
hifigan/
hifigan/LICENSE
hifigan/__init__.py
hifigan/config.json
hifigan/g_00395000
hifigan/models.py
hifigan/__pycache__/
hifigan/__pycache__/__init__.cpython-37.pyc
hifigan/__pycache__/__init__.cpython-38.pyc
hifigan/__pycache__/models.cpython-37.pyc
hifigan/__pycache__/models.cpython-38.pyc
img/
img/model.png
img/synthesized_melspectrogram.png
img/tensorboard_audio.png
img/tensorboard_loss.png
img/tensorboard_spec.png
lexicon/
lexicon/librispeech-lexicon.txt
lexicon/pinyin-lexicon-r.txt
model/
model/__init__.py
model/fastspeech2.py
model/loss.py
model/modules.py
model/optimizer.py
model/unet.py
model/__pycache__/
model/__pycache__/__init__.cpython-37.pyc
model/__pycache__/__init__.cpython-38.pyc
model/__pycache__/fastspeech2.cpython-37.pyc
model/__pycache__/fastspeech2.cpython-38.pyc
model/__pycache__/loss.cpython-37.pyc
model/__pycache__/loss.cpython-38.pyc
model/__pycache__/modules.cpython-37.pyc
model/__pycache__/modules.cpython-38.pyc
model/__pycache__/optimizer.cpython-37.pyc
model/__pycache__/optimizer.cpython-38.pyc
model/__pycache__/unet.cpython-37.pyc
model/__pycache__/unet.cpython-38.pyc
model/glow/
model/glow/attentions.py
model/glow/audio_processing.py
model/glow/commons.py
model/glow/modules.py
model/glow/stft.py
model/glow/__pycache__/
model/glow/__pycache__/attentions.cpython-37.pyc
model/glow/__pycache__/attentions.cpython-38.pyc
model/glow/__pycache__/audio_processing.cpython-37.pyc
model/glow/__pycache__/audio_processing.cpython-38.pyc
model/glow/__pycache__/commons.cpython-37.pyc
model/glow/__pycache__/commons.cpython-38.pyc
model/glow/__pycache__/modules.cpython-37.pyc
model/glow/__pycache__/modules.cpython-38.pyc
model/glow/__pycache__/stft.cpython-37.pyc
model/glow/__pycache__/stft.cpython-38.pyc
model/wavenet/
model/wavenet/commons.py
model/wavenet/modules.py
model/wavenet/transform.py
model/wavenet/__pycache__/
model/wavenet/__pycache__/commons.cpython-37.pyc
model/wavenet/__pycache__/commons.cpython-38.pyc
model/wavenet/__pycache__/modules.cpython-37.pyc
model/wavenet/__pycache__/modules.cpython-38.pyc
model/wavenet/__pycache__/transform.cpython-37.pyc
model/wavenet/__pycache__/transform.cpython-38.pyc
preprocessed_data/
preprocessed_data/AISHELL3/
preprocessed_data/AISHELL3/speakers.json
preprocessed_data/AISHELL3/stats.json
preprocessed_data/AISHELL3/train.txt
preprocessed_data/AISHELL3/val.txt
preprocessed_data/LibriTTS/
preprocessed_data/LibriTTS/speakers.json
preprocessed_data/LibriTTS/stats.json
preprocessed_data/LibriTTS/train.txt
preprocessed_data/LibriTTS/val.txt
preprocessed_data/esc50/
preprocessed_data/esc50/speakers.json
preprocessed_data/esc50/stats.json
preprocessed_data/esc50/train.txt
preprocessed_data/esc50/val.txt
preprocessed_data/us8k/
preprocessed_data/us8k/speakers.json
preprocessed_data/us8k/stats.json
preprocessed_data/us8k/train.txt
preprocessed_data/us8k/val.txt
preprocessor/
preprocessor/aishell3.py
preprocessor/esc50.py
preprocessor/libritts.py
preprocessor/ljspeech.py
preprocessor/preprocessor.py
preprocessor/us8k.py
text/
text/__init__.py
text/cleaners.py
text/cmudict.py
text/numbers.py
text/pinyin.py
text/symbols.py
text/__pycache__/
text/__pycache__/__init__.cpython-37.pyc
text/__pycache__/__init__.cpython-38.pyc
text/__pycache__/cleaners.cpython-37.pyc
text/__pycache__/cleaners.cpython-38.pyc
text/__pycache__/cmudict.cpython-37.pyc
text/__pycache__/cmudict.cpython-38.pyc
text/__pycache__/numbers.cpython-37.pyc
text/__pycache__/numbers.cpython-38.pyc
text/__pycache__/pinyin.cpython-37.pyc
text/__pycache__/pinyin.cpython-38.pyc
text/__pycache__/symbols.cpython-37.pyc
text/__pycache__/symbols.cpython-38.pyc
transformer/
transformer/Constants.py
transformer/Layers.py
transformer/Models.py
transformer/Modules.py
transformer/SubLayers.py
transformer/__init__.py
transformer/__pycache__/
transformer/__pycache__/Constants.cpython-37.pyc
transformer/__pycache__/Constants.cpython-38.pyc
transformer/__pycache__/Layers.cpython-37.pyc
transformer/__pycache__/Layers.cpython-38.pyc
transformer/__pycache__/Models.cpython-37.pyc
transformer/__pycache__/Models.cpython-38.pyc
transformer/__pycache__/Modules.cpython-37.pyc
transformer/__pycache__/Modules.cpython-38.pyc
transformer/__pycache__/SubLayers.cpython-37.pyc
transformer/__pycache__/SubLayers.cpython-38.pyc
transformer/__pycache__/__init__.cpython-37.pyc
transformer/__pycache__/__init__.cpython-38.pyc
utils/
utils/model.py
utils/sampler.py
utils/tools.py
utils/__pycache__/
utils/__pycache__/model.cpython-37.pyc
utils/__pycache__/model.cpython-38.pyc
utils/__pycache__/sampler.cpython-38.pyc
utils/__pycache__/tools.cpython-37.pyc
utils/__pycache__/tools.cpython-38.pyc

sent 133,234,387 bytes  received 4,669 bytes  88,826,037.33 bytes/sec
total size is 133,182,925  speedup is 1.00
